<?xml version="1.0" encoding="UTF-8"?>
<!-- Generated by org.testng.reporters.JUnitReportReporter -->
<testsuite hostname="Sarojchandra-01" failures="0" tests="1" name="in.amazon.nagpselenium.TestCases.TC1_VerifyTVStoreIsDisplayed" time="3.331" errors="0" timestamp="2022-11-07T17:21:34 IST" skipped="0">
  <testcase classname="in.amazon.nagpselenium.TestCases.TC1_VerifyTVStoreIsDisplayed" name="TC_verifyTvStore" time="3.331"/>
  <system-out/>
</testsuite> <!-- in.amazon.nagpselenium.TestCases.TC1_VerifyTVStoreIsDisplayed -->
