<?xml version="1.0" encoding="UTF-8"?>
<!-- Generated by org.testng.reporters.JUnitReportReporter -->
<testsuite hostname="Sarojchandra-01" failures="0" tests="1" name="in.amazon.nagpselenium.TestCases.Validate_CreateAccountForMultipleUser_AmazonSignIn" time="7.704" errors="0" timestamp="2022-09-21T13:28:15 IST" skipped="0">
  <testcase classname="in.amazon.nagpselenium.TestCases.Validate_CreateAccountForMultipleUser_AmazonSignIn" name="TC_Login" time="7.704"/>
  <system-out/>
</testsuite> <!-- in.amazon.nagpselenium.TestCases.Validate_CreateAccountForMultipleUser_AmazonSignIn -->
