<?xml version="1.0" encoding="UTF-8"?>
<!-- Generated by org.testng.reporters.JUnitReportReporter -->
<testsuite hostname="Sarojchandra-01" failures="0" tests="2" name="in.amazon.nagpselenium.TestCases.Validate_AmazonCart" time="11.666" errors="0" timestamp="2022-09-21T11:58:50 IST" skipped="0">
  <testcase classname="in.amazon.nagpselenium.TestCases.Validate_AmazonCart" name="TC_SearchAndAddToCart" time="8.175"/>
  <system-out/>
  <testcase classname="in.amazon.nagpselenium.TestCases.Validate_AmazonCart" name="TC_VerifyCart" time="3.491"/>
  <system-out/>
</testsuite> <!-- in.amazon.nagpselenium.TestCases.Validate_AmazonCart -->
