<?xml version="1.0" encoding="UTF-8"?>
<!-- Generated by org.testng.reporters.JUnitReportReporter -->
<testsuite skipped="0" hostname="Sarojchandra-01" name="in.amazon.nagpselenium.TestCases.Validate_CreateAccountForMultipleUser_AmazonSignIn" tests="5" failures="0" timestamp="2022-06-14T12:15:13 IST" time="48.092" errors="0">
  <testcase name="TC_Login" time="14.059" classname="in.amazon.nagpselenium.TestCases.Validate_CreateAccountForMultipleUser_AmazonSignIn"/>
  <system-out/>
  <testcase name="TC_CreateNewAccount" time="8.325" classname="in.amazon.nagpselenium.TestCases.Validate_CreateAccountForMultipleUser_AmazonSignIn"/>
  <system-out/>
  <testcase name="TC_CreateNewAccount" time="8.913" classname="in.amazon.nagpselenium.TestCases.Validate_CreateAccountForMultipleUser_AmazonSignIn"/>
  <system-out/>
  <testcase name="TC_CreateNewAccount" time="8.214" classname="in.amazon.nagpselenium.TestCases.Validate_CreateAccountForMultipleUser_AmazonSignIn"/>
  <system-out/>
  <testcase name="TC_CreateNewAccount" time="8.581" classname="in.amazon.nagpselenium.TestCases.Validate_CreateAccountForMultipleUser_AmazonSignIn"/>
  <system-out/>
</testsuite> <!-- in.amazon.nagpselenium.TestCases.Validate_CreateAccountForMultipleUser_AmazonSignIn -->
