<?xml version="1.0" encoding="UTF-8"?>
<!-- Generated by org.testng.reporters.JUnitReportReporter -->
<testsuite skipped="0" hostname="Sarojchandra-01" name="in.amazon.nagpselenium.TestCases.Validate_AmazonCart" tests="2" failures="0" timestamp="2022-06-14T12:15:13 IST" time="30.417" errors="0">
  <testcase name="TC_SearchAndAddToCart" time="21.673" classname="in.amazon.nagpselenium.TestCases.Validate_AmazonCart"/>
  <system-out/>
  <testcase name="TC_VerifyCart" time="8.744" classname="in.amazon.nagpselenium.TestCases.Validate_AmazonCart"/>
  <system-out/>
</testsuite> <!-- in.amazon.nagpselenium.TestCases.Validate_AmazonCart -->
